<?xml version="1.0" encoding="UTF-8"?>
<testng-results skipped="0" failed="0" total="2" passed="2">
  <reporter-output>
  </reporter-output>
  <suite name="Suite" duration-ms="9369" started-at="2016-10-14T00:13:17Z" finished-at="2016-10-14T00:13:26Z">
    <groups>
    </groups>
    <test name="Test" duration-ms="9369" started-at="2016-10-14T00:13:17Z" finished-at="2016-10-14T00:13:26Z">
      <class name="com.catalog.tests.newPFMtestcases">
        <test-method status="PASS" signature="setUp()[pri:0, instance:com.catalog.tests.newPFMtestcases@405c7260]" name="setUp" is-config="true" duration-ms="2952" started-at="2016-10-13T17:13:17Z" finished-at="2016-10-13T17:13:20Z">
          <reporter-output>
          </reporter-output>
        </test-method> <!-- setUp -->
        <test-method status="PASS" signature="testcase01(java.lang.String, java.lang.String, java.lang.String, java.lang.String, java.lang.String, java.lang.String, java.lang.String, java.lang.String, java.lang.String, java.lang.String)[pri:0, instance:com.catalog.tests.newPFMtestcases@405c7260]" name="testcase01" duration-ms="1580" started-at="2016-10-13T17:13:20Z" data-provider="testdata1" finished-at="2016-10-13T17:13:21Z">
          <params>
            <param index="0">
              <value>
                <![CDATA[Monty]]>
              </value>
            </param>
            <param index="1">
              <value>
                <![CDATA[Python]]>
              </value>
            </param>
            <param index="2">
              <value>
                <![CDATA[10/04/1990]]>
              </value>
            </param>
            <param index="3">
              <value>
                <![CDATA[fake1@mail.com]]>
              </value>
            </param>
            <param index="4">
              <value>
                <![CDATA[123 fake drive]]>
              </value>
            </param>
            <param index="5">
              <value>
                <![CDATA[12345]]>
              </value>
            </param>
            <param index="6">
              <value>
                <![CDATA[Halloween Town]]>
              </value>
            </param>
            <param index="7">
              <value>
                <![CDATA[1234567890]]>
              </value>
            </param>
            <param index="8">
              <value>
                <![CDATA[password]]>
              </value>
            </param>
            <param index="9">
              <value>
                <![CDATA[password]]>
              </value>
            </param>
          </params>
          <reporter-output>
          </reporter-output>
        </test-method> <!-- testcase01 -->
        <test-method status="PASS" signature="tearDown()[pri:0, instance:com.catalog.tests.newPFMtestcases@405c7260]" name="tearDown" is-config="true" duration-ms="1170" started-at="2016-10-13T17:13:21Z" finished-at="2016-10-13T17:13:22Z">
          <reporter-output>
          </reporter-output>
        </test-method> <!-- tearDown -->
        <test-method status="PASS" signature="setUp()[pri:0, instance:com.catalog.tests.newPFMtestcases@405c7260]" name="setUp" is-config="true" duration-ms="2269" started-at="2016-10-13T17:13:22Z" finished-at="2016-10-13T17:13:25Z">
          <reporter-output>
          </reporter-output>
        </test-method> <!-- setUp -->
        <test-method status="PASS" signature="testcase02()[pri:0, instance:com.catalog.tests.newPFMtestcases@405c7260]" name="testcase02" duration-ms="343" started-at="2016-10-13T17:13:25Z" finished-at="2016-10-13T17:13:25Z">
          <reporter-output>
          </reporter-output>
        </test-method> <!-- testcase02 -->
        <test-method status="PASS" signature="tearDown()[pri:0, instance:com.catalog.tests.newPFMtestcases@405c7260]" name="tearDown" is-config="true" duration-ms="1031" started-at="2016-10-13T17:13:25Z" finished-at="2016-10-13T17:13:26Z">
          <reporter-output>
          </reporter-output>
        </test-method> <!-- tearDown -->
      </class> <!-- com.catalog.tests.newPFMtestcases -->
    </test> <!-- Test -->
  </suite> <!-- Suite -->
</testng-results>
