<?xml version="1.0" encoding="UTF-8"?>
<testng-results skipped="0" failed="0" total="1" passed="1">
  <reporter-output>
  </reporter-output>
  <suite name="Default suite" duration-ms="7073" started-at="2016-10-13T23:06:49Z" finished-at="2016-10-13T23:06:56Z">
    <groups>
    </groups>
    <test name="Default test" duration-ms="7073" started-at="2016-10-13T23:06:49Z" finished-at="2016-10-13T23:06:56Z">
      <class name="newPFMtestcases">
        <test-method status="PASS" signature="setUp()[pri:0, instance:newPFMtestcases@366953d]" name="setUp" is-config="true" duration-ms="3823" started-at="2016-10-13T16:06:49Z" finished-at="2016-10-13T16:06:53Z">
          <reporter-output>
          </reporter-output>
        </test-method> <!-- setUp -->
        <test-method status="PASS" signature="testcase01(java.lang.String, java.lang.String, java.lang.String, java.lang.String, java.lang.String, java.lang.String, java.lang.String, java.lang.String, java.lang.String, java.lang.String)[pri:0, instance:newPFMtestcases@366953d]" name="testcase01" duration-ms="2083" started-at="2016-10-13T16:06:53Z" data-provider="testdata1" finished-at="2016-10-13T16:06:55Z">
          <params>
            <param index="0">
              <value>
                <![CDATA[Monty]]>
              </value>
            </param>
            <param index="1">
              <value>
                <![CDATA[Python]]>
              </value>
            </param>
            <param index="2">
              <value>
                <![CDATA[10/04/1990]]>
              </value>
            </param>
            <param index="3">
              <value>
                <![CDATA[fake1@mail.com]]>
              </value>
            </param>
            <param index="4">
              <value>
                <![CDATA[123 fake drive]]>
              </value>
            </param>
            <param index="5">
              <value>
                <![CDATA[12345]]>
              </value>
            </param>
            <param index="6">
              <value>
                <![CDATA[Halloween Town]]>
              </value>
            </param>
            <param index="7">
              <value>
                <![CDATA[1234567890]]>
              </value>
            </param>
            <param index="8">
              <value>
                <![CDATA[password]]>
              </value>
            </param>
            <param index="9">
              <value>
                <![CDATA[password]]>
              </value>
            </param>
          </params>
          <reporter-output>
          </reporter-output>
        </test-method> <!-- testcase01 -->
        <test-method status="PASS" signature="tearDown()[pri:0, instance:newPFMtestcases@366953d]" name="tearDown" is-config="true" duration-ms="1126" started-at="2016-10-13T16:06:55Z" finished-at="2016-10-13T16:06:56Z">
          <reporter-output>
          </reporter-output>
        </test-method> <!-- tearDown -->
      </class> <!-- newPFMtestcases -->
    </test> <!-- Default test -->
  </suite> <!-- Default suite -->
</testng-results>
